========================================
Job started: Sat Mar  7 08:58:50 AM PST 2026
Node: nid002869
Job ID: 49765050
========================================
W0307 08:59:05.517000 966945 /global/u1/y/yuxuan/.local/perlmutter/python-3.13/26.1.0/lib/python3.13/site-packages/torch/distributed/run.py:852] 
W0307 08:59:05.517000 966945 /global/u1/y/yuxuan/.local/perlmutter/python-3.13/26.1.0/lib/python3.13/site-packages/torch/distributed/run.py:852] *****************************************
W0307 08:59:05.517000 966945 /global/u1/y/yuxuan/.local/perlmutter/python-3.13/26.1.0/lib/python3.13/site-packages/torch/distributed/run.py:852] Setting OMP_NUM_THREADS environment variable for each process to be 1 in default, to avoid your system being overloaded, please further tune the variable for optimal performance in your application as needed. 
W0307 08:59:05.517000 966945 /global/u1/y/yuxuan/.local/perlmutter/python-3.13/26.1.0/lib/python3.13/site-packages/torch/distributed/run.py:852] *****************************************
Starting 3D Cross-Attention Perceiver Training optimized for NDLAr-full geometries!
/global/homes/y/yuxuan/.local/perlmutter/python-3.13/26.1.0/lib/python3.13/site-packages/zarr/core/group.py:579: ZarrUserWarning: Both zarr.json (Zarr format 3) and .zgroup (Zarr format 2) metadata objects exist at file://zarr_outputs_enhanced/MiniProdN5p1_NDComplex_FHC.flow.full.lowintensity.sanddrift.0000001.FLOW.zarr. Zarr format 3 will be used.
  warnings.warn(msg, category=ZarrUserWarning, stacklevel=1)
/global/homes/y/yuxuan/.local/perlmutter/python-3.13/26.1.0/lib/python3.13/site-packages/zarr/core/group.py:579: ZarrUserWarning: Both zarr.json (Zarr format 3) and .zgroup (Zarr format 2) metadata objects exist at file://zarr_outputs_enhanced/MiniProdN5p1_NDComplex_FHC.flow.full.lowintensity.sanddrift.0000001.FLOW.zarr. Zarr format 3 will be used.
  warnings.warn(msg, category=ZarrUserWarning, stacklevel=1)
/global/homes/y/yuxuan/.local/perlmutter/python-3.13/26.1.0/lib/python3.13/site-packages/zarr/core/group.py:579: ZarrUserWarning: Both zarr.json (Zarr format 3) and .zgroup (Zarr format 2) metadata objects exist at file://zarr_outputs_enhanced/MiniProdN5p1_NDComplex_FHC.flow.full.lowintensity.sanddrift.0000001.FLOW.zarr. Zarr format 3 will be used.
  warnings.warn(msg, category=ZarrUserWarning, stacklevel=1)
/global/homes/y/yuxuan/.local/perlmutter/python-3.13/26.1.0/lib/python3.13/site-packages/zarr/core/group.py:579: ZarrUserWarning: Both zarr.json (Zarr format 3) and .zgroup (Zarr format 2) metadata objects exist at file://zarr_outputs_enhanced/MiniProdN5p1_NDComplex_FHC.flow.full.lowintensity.sanddrift.0000001.FLOW.zarr. Zarr format 3 will be used.
  warnings.warn(msg, category=ZarrUserWarning, stacklevel=1)
/global/homes/y/yuxuan/.local/perlmutter/python-3.13/26.1.0/lib/python3.13/site-packages/zarr/core/group.py:579: ZarrUserWarning: Both zarr.json (Zarr format 3) and .zgroup (Zarr format 2) metadata objects exist at file://zarr_outputs_enhanced/MiniProdN5p1_NDComplex_FHC.flow.full.lowintensity.sanddrift.0000002.FLOW.zarr. Zarr format 3 will be used.
  warnings.warn(msg, category=ZarrUserWarning, stacklevel=1)
/global/homes/y/yuxuan/.local/perlmutter/python-3.13/26.1.0/lib/python3.13/site-packages/zarr/core/group.py:579: ZarrUserWarning: Both zarr.json (Zarr format 3) and .zgroup (Zarr format 2) metadata objects exist at file://zarr_outputs_enhanced/MiniProdN5p1_NDComplex_FHC.flow.full.lowintensity.sanddrift.0000002.FLOW.zarr. Zarr format 3 will be used.
  warnings.warn(msg, category=ZarrUserWarning, stacklevel=1)
/global/homes/y/yuxuan/.local/perlmutter/python-3.13/26.1.0/lib/python3.13/site-packages/zarr/core/group.py:579: ZarrUserWarning: Both zarr.json (Zarr format 3) and .zgroup (Zarr format 2) metadata objects exist at file://zarr_outputs_enhanced/MiniProdN5p1_NDComplex_FHC.flow.full.lowintensity.sanddrift.0000002.FLOW.zarr. Zarr format 3 will be used.
  warnings.warn(msg, category=ZarrUserWarning, stacklevel=1)
/global/homes/y/yuxuan/.local/perlmutter/python-3.13/26.1.0/lib/python3.13/site-packages/zarr/core/group.py:579: ZarrUserWarning: Both zarr.json (Zarr format 3) and .zgroup (Zarr format 2) metadata objects exist at file://zarr_outputs_enhanced/MiniProdN5p1_NDComplex_FHC.flow.full.lowintensity.sanddrift.0000002.FLOW.zarr. Zarr format 3 will be used.
  warnings.warn(msg, category=ZarrUserWarning, stacklevel=1)
/global/homes/y/yuxuan/.local/perlmutter/python-3.13/26.1.0/lib/python3.13/site-packages/zarr/core/group.py:579: ZarrUserWarning: Both zarr.json (Zarr format 3) and .zgroup (Zarr format 2) metadata objects exist at file://zarr_outputs_enhanced/MiniProdN5p1_NDComplex_FHC.flow.full.lowintensity.sanddrift.0000003.FLOW.zarr. Zarr format 3 will be used.
  warnings.warn(msg, category=ZarrUserWarning, stacklevel=1)
/global/homes/y/yuxuan/.local/perlmutter/python-3.13/26.1.0/lib/python3.13/site-packages/zarr/core/group.py:579: ZarrUserWarning: Both zarr.json (Zarr format 3) and .zgroup (Zarr format 2) metadata objects exist at file://zarr_outputs_enhanced/MiniProdN5p1_NDComplex_FHC.flow.full.lowintensity.sanddrift.0000003.FLOW.zarr. Zarr format 3 will be used.
  warnings.warn(msg, category=ZarrUserWarning, stacklevel=1)
/global/homes/y/yuxuan/.local/perlmutter/python-3.13/26.1.0/lib/python3.13/site-packages/zarr/core/group.py:579: ZarrUserWarning: Both zarr.json (Zarr format 3) and .zgroup (Zarr format 2) metadata objects exist at file://zarr_outputs_enhanced/MiniProdN5p1_NDComplex_FHC.flow.full.lowintensity.sanddrift.0000003.FLOW.zarr. Zarr format 3 will be used.
  warnings.warn(msg, category=ZarrUserWarning, stacklevel=1)
/global/homes/y/yuxuan/.local/perlmutter/python-3.13/26.1.0/lib/python3.13/site-packages/zarr/core/group.py:579: ZarrUserWarning: Both zarr.json (Zarr format 3) and .zgroup (Zarr format 2) metadata objects exist at file://zarr_outputs_enhanced/MiniProdN5p1_NDComplex_FHC.flow.full.lowintensity.sanddrift.0000003.FLOW.zarr. Zarr format 3 will be used.
  warnings.warn(msg, category=ZarrUserWarning, stacklevel=1)
/global/homes/y/yuxuan/.local/perlmutter/python-3.13/26.1.0/lib/python3.13/site-packages/zarr/core/group.py:579: ZarrUserWarning: Both zarr.json (Zarr format 3) and .zgroup (Zarr format 2) metadata objects exist at file://zarr_outputs_enhanced/MiniProdN5p1_NDComplex_FHC.flow.full.lowintensity.sanddrift.0000004.FLOW.zarr. Zarr format 3 will be used.
  warnings.warn(msg, category=ZarrUserWarning, stacklevel=1)
/global/homes/y/yuxuan/.local/perlmutter/python-3.13/26.1.0/lib/python3.13/site-packages/zarr/core/group.py:579: ZarrUserWarning: Both zarr.json (Zarr format 3) and .zgroup (Zarr format 2) metadata objects exist at file://zarr_outputs_enhanced/MiniProdN5p1_NDComplex_FHC.flow.full.lowintensity.sanddrift.0000004.FLOW.zarr. Zarr format 3 will be used.
  warnings.warn(msg, category=ZarrUserWarning, stacklevel=1)
/global/homes/y/yuxuan/.local/perlmutter/python-3.13/26.1.0/lib/python3.13/site-packages/zarr/core/group.py:579: ZarrUserWarning: Both zarr.json (Zarr format 3) and .zgroup (Zarr format 2) metadata objects exist at file://zarr_outputs_enhanced/MiniProdN5p1_NDComplex_FHC.flow.full.lowintensity.sanddrift.0000004.FLOW.zarr. Zarr format 3 will be used.
  warnings.warn(msg, category=ZarrUserWarning, stacklevel=1)
/global/homes/y/yuxuan/.local/perlmutter/python-3.13/26.1.0/lib/python3.13/site-packages/zarr/core/group.py:579: ZarrUserWarning: Both zarr.json (Zarr format 3) and .zgroup (Zarr format 2) metadata objects exist at file://zarr_outputs_enhanced/MiniProdN5p1_NDComplex_FHC.flow.full.lowintensity.sanddrift.0000004.FLOW.zarr. Zarr format 3 will be used.
  warnings.warn(msg, category=ZarrUserWarning, stacklevel=1)
/global/homes/y/yuxuan/.local/perlmutter/python-3.13/26.1.0/lib/python3.13/site-packages/zarr/core/group.py:579: ZarrUserWarning: Both zarr.json (Zarr format 3) and .zgroup (Zarr format 2) metadata objects exist at file://zarr_outputs_enhanced/MiniProdN5p1_NDComplex_FHC.flow.full.lowintensity.sanddrift.0000005.FLOW.zarr. Zarr format 3 will be used.
  warnings.warn(msg, category=ZarrUserWarning, stacklevel=1)
/global/homes/y/yuxuan/.local/perlmutter/python-3.13/26.1.0/lib/python3.13/site-packages/zarr/core/group.py:579: ZarrUserWarning: Both zarr.json (Zarr format 3) and .zgroup (Zarr format 2) metadata objects exist at file://zarr_outputs_enhanced/MiniProdN5p1_NDComplex_FHC.flow.full.lowintensity.sanddrift.0000005.FLOW.zarr. Zarr format 3 will be used.
  warnings.warn(msg, category=ZarrUserWarning, stacklevel=1)
/global/homes/y/yuxuan/.local/perlmutter/python-3.13/26.1.0/lib/python3.13/site-packages/zarr/core/group.py:579: ZarrUserWarning: Both zarr.json (Zarr format 3) and .zgroup (Zarr format 2) metadata objects exist at file://zarr_outputs_enhanced/MiniProdN5p1_NDComplex_FHC.flow.full.lowintensity.sanddrift.0000005.FLOW.zarr. Zarr format 3 will be used.
  warnings.warn(msg, category=ZarrUserWarning, stacklevel=1)
/global/homes/y/yuxuan/.local/perlmutter/python-3.13/26.1.0/lib/python3.13/site-packages/zarr/core/group.py:579: ZarrUserWarning: Both zarr.json (Zarr format 3) and .zgroup (Zarr format 2) metadata objects exist at file://zarr_outputs_enhanced/MiniProdN5p1_NDComplex_FHC.flow.full.lowintensity.sanddrift.0000005.FLOW.zarr. Zarr format 3 will be used.
  warnings.warn(msg, category=ZarrUserWarning, stacklevel=1)
/global/homes/y/yuxuan/.local/perlmutter/python-3.13/26.1.0/lib/python3.13/site-packages/zarr/core/group.py:579: ZarrUserWarning: Both zarr.json (Zarr format 3) and .zgroup (Zarr format 2) metadata objects exist at file://zarr_outputs_enhanced/MiniProdN5p1_NDComplex_FHC.flow.full.lowintensity.sanddrift.0000006.FLOW.zarr. Zarr format 3 will be used.
  warnings.warn(msg, category=ZarrUserWarning, stacklevel=1)
/global/homes/y/yuxuan/.local/perlmutter/python-3.13/26.1.0/lib/python3.13/site-packages/zarr/core/group.py:579: ZarrUserWarning: Both zarr.json (Zarr format 3) and .zgroup (Zarr format 2) metadata objects exist at file://zarr_outputs_enhanced/MiniProdN5p1_NDComplex_FHC.flow.full.lowintensity.sanddrift.0000006.FLOW.zarr. Zarr format 3 will be used.
  warnings.warn(msg, category=ZarrUserWarning, stacklevel=1)
/global/homes/y/yuxuan/.local/perlmutter/python-3.13/26.1.0/lib/python3.13/site-packages/zarr/core/group.py:579: ZarrUserWarning: Both zarr.json (Zarr format 3) and .zgroup (Zarr format 2) metadata objects exist at file://zarr_outputs_enhanced/MiniProdN5p1_NDComplex_FHC.flow.full.lowintensity.sanddrift.0000006.FLOW.zarr. Zarr format 3 will be used.
  warnings.warn(msg, category=ZarrUserWarning, stacklevel=1)
/global/homes/y/yuxuan/.local/perlmutter/python-3.13/26.1.0/lib/python3.13/site-packages/zarr/core/group.py:579: ZarrUserWarning: Both zarr.json (Zarr format 3) and .zgroup (Zarr format 2) metadata objects exist at file://zarr_outputs_enhanced/MiniProdN5p1_NDComplex_FHC.flow.full.lowintensity.sanddrift.0000006.FLOW.zarr. Zarr format 3 will be used.
  warnings.warn(msg, category=ZarrUserWarning, stacklevel=1)
/global/homes/y/yuxuan/.local/perlmutter/python-3.13/26.1.0/lib/python3.13/site-packages/zarr/core/group.py:579: ZarrUserWarning: Both zarr.json (Zarr format 3) and .zgroup (Zarr format 2) metadata objects exist at file://zarr_outputs_enhanced/MiniProdN5p1_NDComplex_FHC.flow.full.lowintensity.sanddrift.0000007.FLOW.zarr. Zarr format 3 will be used.
  warnings.warn(msg, category=ZarrUserWarning, stacklevel=1)
/global/homes/y/yuxuan/.local/perlmutter/python-3.13/26.1.0/lib/python3.13/site-packages/zarr/core/group.py:579: ZarrUserWarning: Both zarr.json (Zarr format 3) and .zgroup (Zarr format 2) metadata objects exist at file://zarr_outputs_enhanced/MiniProdN5p1_NDComplex_FHC.flow.full.lowintensity.sanddrift.0000007.FLOW.zarr. Zarr format 3 will be used.
  warnings.warn(msg, category=ZarrUserWarning, stacklevel=1)
/global/homes/y/yuxuan/.local/perlmutter/python-3.13/26.1.0/lib/python3.13/site-packages/zarr/core/group.py:579: ZarrUserWarning: Both zarr.json (Zarr format 3) and .zgroup (Zarr format 2) metadata objects exist at file://zarr_outputs_enhanced/MiniProdN5p1_NDComplex_FHC.flow.full.lowintensity.sanddrift.0000007.FLOW.zarr. Zarr format 3 will be used.
  warnings.warn(msg, category=ZarrUserWarning, stacklevel=1)
/global/homes/y/yuxuan/.local/perlmutter/python-3.13/26.1.0/lib/python3.13/site-packages/zarr/core/group.py:579: ZarrUserWarning: Both zarr.json (Zarr format 3) and .zgroup (Zarr format 2) metadata objects exist at file://zarr_outputs_enhanced/MiniProdN5p1_NDComplex_FHC.flow.full.lowintensity.sanddrift.0000007.FLOW.zarr. Zarr format 3 will be used.
  warnings.warn(msg, category=ZarrUserWarning, stacklevel=1)
/global/homes/y/yuxuan/.local/perlmutter/python-3.13/26.1.0/lib/python3.13/site-packages/zarr/core/group.py:579: ZarrUserWarning: Both zarr.json (Zarr format 3) and .zgroup (Zarr format 2) metadata objects exist at file://zarr_outputs_enhanced/MiniProdN5p1_NDComplex_FHC.flow.full.lowintensity.sanddrift.0000008.FLOW.zarr. Zarr format 3 will be used.
  warnings.warn(msg, category=ZarrUserWarning, stacklevel=1)
/global/homes/y/yuxuan/.local/perlmutter/python-3.13/26.1.0/lib/python3.13/site-packages/zarr/core/group.py:579: ZarrUserWarning: Both zarr.json (Zarr format 3) and .zgroup (Zarr format 2) metadata objects exist at file://zarr_outputs_enhanced/MiniProdN5p1_NDComplex_FHC.flow.full.lowintensity.sanddrift.0000008.FLOW.zarr. Zarr format 3 will be used.
  warnings.warn(msg, category=ZarrUserWarning, stacklevel=1)
/global/homes/y/yuxuan/.local/perlmutter/python-3.13/26.1.0/lib/python3.13/site-packages/zarr/core/group.py:579: ZarrUserWarning: Both zarr.json (Zarr format 3) and .zgroup (Zarr format 2) metadata objects exist at file://zarr_outputs_enhanced/MiniProdN5p1_NDComplex_FHC.flow.full.lowintensity.sanddrift.0000008.FLOW.zarr. Zarr format 3 will be used.
  warnings.warn(msg, category=ZarrUserWarning, stacklevel=1)
/global/homes/y/yuxuan/.local/perlmutter/python-3.13/26.1.0/lib/python3.13/site-packages/zarr/core/group.py:579: ZarrUserWarning: Both zarr.json (Zarr format 3) and .zgroup (Zarr format 2) metadata objects exist at file://zarr_outputs_enhanced/MiniProdN5p1_NDComplex_FHC.flow.full.lowintensity.sanddrift.0000008.FLOW.zarr. Zarr format 3 will be used.
  warnings.warn(msg, category=ZarrUserWarning, stacklevel=1)
Fitting Target Standardizers...
Resuming training from full checkpoint: ./runs/ndfull_run_distributed/checkpoint.pt
Epoch 005.2/5 | Train Loss: 0.0769 | Train R2: 0.9369 | Val MSE: 609414.2500 | Val R2: 0.9757
Epoch 005.3/5 | Train Loss: 0.0787 | Train R2: 0.9327 | Val MSE: 616942.1250 | Val R2: 0.9760
Epoch 005.4/5 | Train Loss: 0.0789 | Train R2: 0.9333 | Val MSE: 569814.6875 | Val R2: 0.9673
  ✓ Saved new best model
Epoch 005.5/5 | Train Loss: 0.0755 | Train R2: 0.9330 | Val MSE: 500401.8125 | Val R2: 0.9788
  ✓ Saved new best model
Epoch 006.1/5 | Train Loss: 0.0725 | Train R2: 0.9385 | Val MSE: 541197.3750 | Val R2: 0.9789
Epoch 006.2/5 | Train Loss: 0.0703 | Train R2: 0.9372 | Val MSE: 482278.9688 | Val R2: 0.9810
  ✓ Saved new best model
Epoch 006.3/5 | Train Loss: 0.0724 | Train R2: 0.9353 | Val MSE: 557228.8750 | Val R2: 0.9779
Epoch 006.4/5 | Train Loss: 0.0713 | Train R2: 0.9334 | Val MSE: 464771.9688 | Val R2: 0.9813
  ✓ Saved new best model
Epoch 006.5/5 | Train Loss: 0.0747 | Train R2: 0.9324 | Val MSE: 742346.3125 | Val R2: 0.9714
Epoch 007.1/5 | Train Loss: 0.0700 | Train R2: 0.9305 | Val MSE: 1168770.8750 | Val R2: 0.9582
Epoch 007.2/5 | Train Loss: 0.0735 | Train R2: 0.9177 | Val MSE: 447222.8125 | Val R2: 0.9769
  ✓ Saved new best model
Epoch 007.3/5 | Train Loss: 0.0680 | Train R2: 0.9326 | Val MSE: 472465.2500 | Val R2: 0.9784
Epoch 007.4/5 | Train Loss: 0.0732 | Train R2: 0.9250 | Val MSE: 493481.6562 | Val R2: 0.9681
Epoch 007.5/5 | Train Loss: 0.0653 | Train R2: 0.9391 | Val MSE: 460709.2500 | Val R2: 0.9805
Epoch 008.1/5 | Train Loss: 0.0637 | Train R2: 0.9445 | Val MSE: 430582.2812 | Val R2: 0.9826
  ✓ Saved new best model
slurmstepd: error: *** JOB 49765050 ON nid002869 CANCELLED AT 2026-03-08T16:58:52 DUE TO TIME LIMIT ***
