========================================
Job started: Tue Mar  3 06:32:49 PM PST 2026
Node: nid003104
Job ID: 49626131
========================================
W0303 18:33:06.892000 1662814 /global/u1/y/yuxuan/.local/perlmutter/python-3.13/26.1.0/lib/python3.13/site-packages/torch/distributed/run.py:852] 
W0303 18:33:06.892000 1662814 /global/u1/y/yuxuan/.local/perlmutter/python-3.13/26.1.0/lib/python3.13/site-packages/torch/distributed/run.py:852] *****************************************
W0303 18:33:06.892000 1662814 /global/u1/y/yuxuan/.local/perlmutter/python-3.13/26.1.0/lib/python3.13/site-packages/torch/distributed/run.py:852] Setting OMP_NUM_THREADS environment variable for each process to be 1 in default, to avoid your system being overloaded, please further tune the variable for optimal performance in your application as needed. 
W0303 18:33:06.892000 1662814 /global/u1/y/yuxuan/.local/perlmutter/python-3.13/26.1.0/lib/python3.13/site-packages/torch/distributed/run.py:852] *****************************************
[latentMLTrain] latent_dim=32 channel_emb_dim=32 decoder_hidden=128 base_ch=32 dropout=0.3
/global/homes/y/yuxuan/.local/perlmutter/python-3.13/26.1.0/lib/python3.13/site-packages/zarr/core/group.py:579: ZarrUserWarning: Both zarr.json (Zarr format 3) and .zgroup (Zarr format 2) metadata objects exist at file://zarr_outputs_enhanced/MiniProdN5p1_NDComplex_FHC.flow.full.lowintensity.sanddrift.0000001.FLOW.zarr. Zarr format 3 will be used.
  warnings.warn(msg, category=ZarrUserWarning, stacklevel=1)
/global/homes/y/yuxuan/.local/perlmutter/python-3.13/26.1.0/lib/python3.13/site-packages/zarr/core/group.py:579: ZarrUserWarning: Both zarr.json (Zarr format 3) and .zgroup (Zarr format 2) metadata objects exist at file://zarr_outputs_enhanced/MiniProdN5p1_NDComplex_FHC.flow.full.lowintensity.sanddrift.0000001.FLOW.zarr. Zarr format 3 will be used.
  warnings.warn(msg, category=ZarrUserWarning, stacklevel=1)
/global/homes/y/yuxuan/.local/perlmutter/python-3.13/26.1.0/lib/python3.13/site-packages/zarr/core/group.py:579: ZarrUserWarning: Both zarr.json (Zarr format 3) and .zgroup (Zarr format 2) metadata objects exist at file://zarr_outputs_enhanced/MiniProdN5p1_NDComplex_FHC.flow.full.lowintensity.sanddrift.0000001.FLOW.zarr. Zarr format 3 will be used.
  warnings.warn(msg, category=ZarrUserWarning, stacklevel=1)
/global/homes/y/yuxuan/.local/perlmutter/python-3.13/26.1.0/lib/python3.13/site-packages/zarr/core/group.py:579: ZarrUserWarning: Both zarr.json (Zarr format 3) and .zgroup (Zarr format 2) metadata objects exist at file://zarr_outputs_enhanced/MiniProdN5p1_NDComplex_FHC.flow.full.lowintensity.sanddrift.0000001.FLOW.zarr. Zarr format 3 will be used.
  warnings.warn(msg, category=ZarrUserWarning, stacklevel=1)
/global/homes/y/yuxuan/.local/perlmutter/python-3.13/26.1.0/lib/python3.13/site-packages/zarr/core/group.py:579: ZarrUserWarning: Both zarr.json (Zarr format 3) and .zgroup (Zarr format 2) metadata objects exist at file://zarr_outputs_enhanced/MiniProdN5p1_NDComplex_FHC.flow.full.lowintensity.sanddrift.0000002.FLOW.zarr. Zarr format 3 will be used.
  warnings.warn(msg, category=ZarrUserWarning, stacklevel=1)
/global/homes/y/yuxuan/.local/perlmutter/python-3.13/26.1.0/lib/python3.13/site-packages/zarr/core/group.py:579: ZarrUserWarning: Both zarr.json (Zarr format 3) and .zgroup (Zarr format 2) metadata objects exist at file://zarr_outputs_enhanced/MiniProdN5p1_NDComplex_FHC.flow.full.lowintensity.sanddrift.0000002.FLOW.zarr. Zarr format 3 will be used.
  warnings.warn(msg, category=ZarrUserWarning, stacklevel=1)
/global/homes/y/yuxuan/.local/perlmutter/python-3.13/26.1.0/lib/python3.13/site-packages/zarr/core/group.py:579: ZarrUserWarning: Both zarr.json (Zarr format 3) and .zgroup (Zarr format 2) metadata objects exist at file://zarr_outputs_enhanced/MiniProdN5p1_NDComplex_FHC.flow.full.lowintensity.sanddrift.0000002.FLOW.zarr. Zarr format 3 will be used.
  warnings.warn(msg, category=ZarrUserWarning, stacklevel=1)
/global/homes/y/yuxuan/.local/perlmutter/python-3.13/26.1.0/lib/python3.13/site-packages/zarr/core/group.py:579: ZarrUserWarning: Both zarr.json (Zarr format 3) and .zgroup (Zarr format 2) metadata objects exist at file://zarr_outputs_enhanced/MiniProdN5p1_NDComplex_FHC.flow.full.lowintensity.sanddrift.0000002.FLOW.zarr. Zarr format 3 will be used.
  warnings.warn(msg, category=ZarrUserWarning, stacklevel=1)
/global/homes/y/yuxuan/.local/perlmutter/python-3.13/26.1.0/lib/python3.13/site-packages/zarr/core/group.py:579: ZarrUserWarning: Both zarr.json (Zarr format 3) and .zgroup (Zarr format 2) metadata objects exist at file://zarr_outputs_enhanced/MiniProdN5p1_NDComplex_FHC.flow.full.lowintensity.sanddrift.0000003.FLOW.zarr. Zarr format 3 will be used.
  warnings.warn(msg, category=ZarrUserWarning, stacklevel=1)
/global/homes/y/yuxuan/.local/perlmutter/python-3.13/26.1.0/lib/python3.13/site-packages/zarr/core/group.py:579: ZarrUserWarning: Both zarr.json (Zarr format 3) and .zgroup (Zarr format 2) metadata objects exist at file://zarr_outputs_enhanced/MiniProdN5p1_NDComplex_FHC.flow.full.lowintensity.sanddrift.0000003.FLOW.zarr. Zarr format 3 will be used.
  warnings.warn(msg, category=ZarrUserWarning, stacklevel=1)
/global/homes/y/yuxuan/.local/perlmutter/python-3.13/26.1.0/lib/python3.13/site-packages/zarr/core/group.py:579: ZarrUserWarning: Both zarr.json (Zarr format 3) and .zgroup (Zarr format 2) metadata objects exist at file://zarr_outputs_enhanced/MiniProdN5p1_NDComplex_FHC.flow.full.lowintensity.sanddrift.0000003.FLOW.zarr. Zarr format 3 will be used.
  warnings.warn(msg, category=ZarrUserWarning, stacklevel=1)
/global/homes/y/yuxuan/.local/perlmutter/python-3.13/26.1.0/lib/python3.13/site-packages/zarr/core/group.py:579: ZarrUserWarning: Both zarr.json (Zarr format 3) and .zgroup (Zarr format 2) metadata objects exist at file://zarr_outputs_enhanced/MiniProdN5p1_NDComplex_FHC.flow.full.lowintensity.sanddrift.0000003.FLOW.zarr. Zarr format 3 will be used.
  warnings.warn(msg, category=ZarrUserWarning, stacklevel=1)
/global/homes/y/yuxuan/.local/perlmutter/python-3.13/26.1.0/lib/python3.13/site-packages/zarr/core/group.py:579: ZarrUserWarning: Both zarr.json (Zarr format 3) and .zgroup (Zarr format 2) metadata objects exist at file://zarr_outputs_enhanced/MiniProdN5p1_NDComplex_FHC.flow.full.lowintensity.sanddrift.0000004.FLOW.zarr. Zarr format 3 will be used.
  warnings.warn(msg, category=ZarrUserWarning, stacklevel=1)
/global/homes/y/yuxuan/.local/perlmutter/python-3.13/26.1.0/lib/python3.13/site-packages/zarr/core/group.py:579: ZarrUserWarning: Both zarr.json (Zarr format 3) and .zgroup (Zarr format 2) metadata objects exist at file://zarr_outputs_enhanced/MiniProdN5p1_NDComplex_FHC.flow.full.lowintensity.sanddrift.0000004.FLOW.zarr. Zarr format 3 will be used.
  warnings.warn(msg, category=ZarrUserWarning, stacklevel=1)
/global/homes/y/yuxuan/.local/perlmutter/python-3.13/26.1.0/lib/python3.13/site-packages/zarr/core/group.py:579: ZarrUserWarning: Both zarr.json (Zarr format 3) and .zgroup (Zarr format 2) metadata objects exist at file://zarr_outputs_enhanced/MiniProdN5p1_NDComplex_FHC.flow.full.lowintensity.sanddrift.0000004.FLOW.zarr. Zarr format 3 will be used.
  warnings.warn(msg, category=ZarrUserWarning, stacklevel=1)
/global/homes/y/yuxuan/.local/perlmutter/python-3.13/26.1.0/lib/python3.13/site-packages/zarr/core/group.py:579: ZarrUserWarning: Both zarr.json (Zarr format 3) and .zgroup (Zarr format 2) metadata objects exist at file://zarr_outputs_enhanced/MiniProdN5p1_NDComplex_FHC.flow.full.lowintensity.sanddrift.0000004.FLOW.zarr. Zarr format 3 will be used.
  warnings.warn(msg, category=ZarrUserWarning, stacklevel=1)
/global/homes/y/yuxuan/.local/perlmutter/python-3.13/26.1.0/lib/python3.13/site-packages/zarr/core/group.py:579: ZarrUserWarning: Both zarr.json (Zarr format 3) and .zgroup (Zarr format 2) metadata objects exist at file://zarr_outputs_enhanced/MiniProdN5p1_NDComplex_FHC.flow.full.lowintensity.sanddrift.0000005.FLOW.zarr. Zarr format 3 will be used.
  warnings.warn(msg, category=ZarrUserWarning, stacklevel=1)
/global/homes/y/yuxuan/.local/perlmutter/python-3.13/26.1.0/lib/python3.13/site-packages/zarr/core/group.py:579: ZarrUserWarning: Both zarr.json (Zarr format 3) and .zgroup (Zarr format 2) metadata objects exist at file://zarr_outputs_enhanced/MiniProdN5p1_NDComplex_FHC.flow.full.lowintensity.sanddrift.0000005.FLOW.zarr. Zarr format 3 will be used.
  warnings.warn(msg, category=ZarrUserWarning, stacklevel=1)
/global/homes/y/yuxuan/.local/perlmutter/python-3.13/26.1.0/lib/python3.13/site-packages/zarr/core/group.py:579: ZarrUserWarning: Both zarr.json (Zarr format 3) and .zgroup (Zarr format 2) metadata objects exist at file://zarr_outputs_enhanced/MiniProdN5p1_NDComplex_FHC.flow.full.lowintensity.sanddrift.0000005.FLOW.zarr. Zarr format 3 will be used.
  warnings.warn(msg, category=ZarrUserWarning, stacklevel=1)
/global/homes/y/yuxuan/.local/perlmutter/python-3.13/26.1.0/lib/python3.13/site-packages/zarr/core/group.py:579: ZarrUserWarning: Both zarr.json (Zarr format 3) and .zgroup (Zarr format 2) metadata objects exist at file://zarr_outputs_enhanced/MiniProdN5p1_NDComplex_FHC.flow.full.lowintensity.sanddrift.0000006.FLOW.zarr. Zarr format 3 will be used.
  warnings.warn(msg, category=ZarrUserWarning, stacklevel=1)
/global/homes/y/yuxuan/.local/perlmutter/python-3.13/26.1.0/lib/python3.13/site-packages/zarr/core/group.py:579: ZarrUserWarning: Both zarr.json (Zarr format 3) and .zgroup (Zarr format 2) metadata objects exist at file://zarr_outputs_enhanced/MiniProdN5p1_NDComplex_FHC.flow.full.lowintensity.sanddrift.0000005.FLOW.zarr. Zarr format 3 will be used.
  warnings.warn(msg, category=ZarrUserWarning, stacklevel=1)
/global/homes/y/yuxuan/.local/perlmutter/python-3.13/26.1.0/lib/python3.13/site-packages/zarr/core/group.py:579: ZarrUserWarning: Both zarr.json (Zarr format 3) and .zgroup (Zarr format 2) metadata objects exist at file://zarr_outputs_enhanced/MiniProdN5p1_NDComplex_FHC.flow.full.lowintensity.sanddrift.0000006.FLOW.zarr. Zarr format 3 will be used.
  warnings.warn(msg, category=ZarrUserWarning, stacklevel=1)
/global/homes/y/yuxuan/.local/perlmutter/python-3.13/26.1.0/lib/python3.13/site-packages/zarr/core/group.py:579: ZarrUserWarning: Both zarr.json (Zarr format 3) and .zgroup (Zarr format 2) metadata objects exist at file://zarr_outputs_enhanced/MiniProdN5p1_NDComplex_FHC.flow.full.lowintensity.sanddrift.0000006.FLOW.zarr. Zarr format 3 will be used.
  warnings.warn(msg, category=ZarrUserWarning, stacklevel=1)
/global/homes/y/yuxuan/.local/perlmutter/python-3.13/26.1.0/lib/python3.13/site-packages/zarr/core/group.py:579: ZarrUserWarning: Both zarr.json (Zarr format 3) and .zgroup (Zarr format 2) metadata objects exist at file://zarr_outputs_enhanced/MiniProdN5p1_NDComplex_FHC.flow.full.lowintensity.sanddrift.0000006.FLOW.zarr. Zarr format 3 will be used.
  warnings.warn(msg, category=ZarrUserWarning, stacklevel=1)
/global/homes/y/yuxuan/.local/perlmutter/python-3.13/26.1.0/lib/python3.13/site-packages/zarr/core/group.py:579: ZarrUserWarning: Both zarr.json (Zarr format 3) and .zgroup (Zarr format 2) metadata objects exist at file://zarr_outputs_enhanced/MiniProdN5p1_NDComplex_FHC.flow.full.lowintensity.sanddrift.0000007.FLOW.zarr. Zarr format 3 will be used.
  warnings.warn(msg, category=ZarrUserWarning, stacklevel=1)
/global/homes/y/yuxuan/.local/perlmutter/python-3.13/26.1.0/lib/python3.13/site-packages/zarr/core/group.py:579: ZarrUserWarning: Both zarr.json (Zarr format 3) and .zgroup (Zarr format 2) metadata objects exist at file://zarr_outputs_enhanced/MiniProdN5p1_NDComplex_FHC.flow.full.lowintensity.sanddrift.0000007.FLOW.zarr. Zarr format 3 will be used.
  warnings.warn(msg, category=ZarrUserWarning, stacklevel=1)
/global/homes/y/yuxuan/.local/perlmutter/python-3.13/26.1.0/lib/python3.13/site-packages/zarr/core/group.py:579: ZarrUserWarning: Both zarr.json (Zarr format 3) and .zgroup (Zarr format 2) metadata objects exist at file://zarr_outputs_enhanced/MiniProdN5p1_NDComplex_FHC.flow.full.lowintensity.sanddrift.0000007.FLOW.zarr. Zarr format 3 will be used.
  warnings.warn(msg, category=ZarrUserWarning, stacklevel=1)
/global/homes/y/yuxuan/.local/perlmutter/python-3.13/26.1.0/lib/python3.13/site-packages/zarr/core/group.py:579: ZarrUserWarning: Both zarr.json (Zarr format 3) and .zgroup (Zarr format 2) metadata objects exist at file://zarr_outputs_enhanced/MiniProdN5p1_NDComplex_FHC.flow.full.lowintensity.sanddrift.0000007.FLOW.zarr. Zarr format 3 will be used.
  warnings.warn(msg, category=ZarrUserWarning, stacklevel=1)
/global/homes/y/yuxuan/.local/perlmutter/python-3.13/26.1.0/lib/python3.13/site-packages/zarr/core/group.py:579: ZarrUserWarning: Both zarr.json (Zarr format 3) and .zgroup (Zarr format 2) metadata objects exist at file://zarr_outputs_enhanced/MiniProdN5p1_NDComplex_FHC.flow.full.lowintensity.sanddrift.0000008.FLOW.zarr. Zarr format 3 will be used.
  warnings.warn(msg, category=ZarrUserWarning, stacklevel=1)
/global/homes/y/yuxuan/.local/perlmutter/python-3.13/26.1.0/lib/python3.13/site-packages/zarr/core/group.py:579: ZarrUserWarning: Both zarr.json (Zarr format 3) and .zgroup (Zarr format 2) metadata objects exist at file://zarr_outputs_enhanced/MiniProdN5p1_NDComplex_FHC.flow.full.lowintensity.sanddrift.0000008.FLOW.zarr. Zarr format 3 will be used.
  warnings.warn(msg, category=ZarrUserWarning, stacklevel=1)
/global/homes/y/yuxuan/.local/perlmutter/python-3.13/26.1.0/lib/python3.13/site-packages/zarr/core/group.py:579: ZarrUserWarning: Both zarr.json (Zarr format 3) and .zgroup (Zarr format 2) metadata objects exist at file://zarr_outputs_enhanced/MiniProdN5p1_NDComplex_FHC.flow.full.lowintensity.sanddrift.0000008.FLOW.zarr. Zarr format 3 will be used.
  warnings.warn(msg, category=ZarrUserWarning, stacklevel=1)
/global/homes/y/yuxuan/.local/perlmutter/python-3.13/26.1.0/lib/python3.13/site-packages/zarr/core/group.py:579: ZarrUserWarning: Both zarr.json (Zarr format 3) and .zgroup (Zarr format 2) metadata objects exist at file://zarr_outputs_enhanced/MiniProdN5p1_NDComplex_FHC.flow.full.lowintensity.sanddrift.0000008.FLOW.zarr. Zarr format 3 will be used.
  warnings.warn(msg, category=ZarrUserWarning, stacklevel=1)
  Model parameters: 795,281
  Compression ratio: 120 channels → 32-dim latent (26.7% of original)
Fitting standardizers on targets...
  No checkpoint found. Starting fresh.
/global/cfs/cdirs/dune/users/yuxuan/NDLAr-full/NewMLSection/latentMLTrain.py:386: UserWarning: Converting a tensor with requires_grad=True to a scalar may lead to unexpected behavior.
Consider using tensor.detach() first. (Triggered internally at /pytorch/torch/csrc/autograd/generated/python_variable_methods.cpp:836.)
  tot_loss += float(loss) * bs; n += bs
/global/cfs/cdirs/dune/users/yuxuan/NDLAr-full/NewMLSection/latentMLTrain.py:386: UserWarning: Converting a tensor with requires_grad=True to a scalar may lead to unexpected behavior.
Consider using tensor.detach() first. (Triggered internally at /pytorch/torch/csrc/autograd/generated/python_variable_methods.cpp:836.)
  tot_loss += float(loss) * bs; n += bs
/global/cfs/cdirs/dune/users/yuxuan/NDLAr-full/NewMLSection/latentMLTrain.py:386: UserWarning: Converting a tensor with requires_grad=True to a scalar may lead to unexpected behavior.
Consider using tensor.detach() first. (Triggered internally at /pytorch/torch/csrc/autograd/generated/python_variable_methods.cpp:836.)
  tot_loss += float(loss) * bs; n += bs
/global/cfs/cdirs/dune/users/yuxuan/NDLAr-full/NewMLSection/latentMLTrain.py:386: UserWarning: Converting a tensor with requires_grad=True to a scalar may lead to unexpected behavior.
Consider using tensor.detach() first. (Triggered internally at /pytorch/torch/csrc/autograd/generated/python_variable_methods.cpp:836.)
  tot_loss += float(loss) * bs; n += bs
Epoch 001 | Train: 0.1507 | Val R2: 0.1925 | Val MSE: 24597228.00 | Latent Var: 2.5303
  ✓ Saved new best model
Epoch 002 | Train: 0.1475 | Val R2: 0.1970 | Val MSE: 24889542.00 | Latent Var: 6.9232
  ✓ Saved new best model
Epoch 003 | Train: 0.1462 | Val R2: 0.1627 | Val MSE: 25621254.00 | Latent Var: 6.4236
Epoch 004 | Train: 0.1434 | Val R2: 0.2579 | Val MSE: 23117506.00 | Latent Var: 13.8746
  ✓ Saved new best model
Epoch 005 | Train: 0.1380 | Val R2: 0.2668 | Val MSE: 22550104.00 | Latent Var: 10.6399
  ✓ Saved new best model
Epoch 006 | Train: 0.1349 | Val R2: 0.3376 | Val MSE: 21068840.00 | Latent Var: 11.1657
  ✓ Saved new best model
Epoch 007 | Train: 0.1324 | Val R2: 0.3489 | Val MSE: 20781202.00 | Latent Var: 12.6238
  ✓ Saved new best model
Epoch 008 | Train: 0.1299 | Val R2: 0.3905 | Val MSE: 19700744.00 | Latent Var: 10.4193
  ✓ Saved new best model
slurmstepd: error: *** JOB 49626131 ON nid003104 CANCELLED AT 2026-03-04T06:32:46 DUE TO TIME LIMIT ***
